25.11.2022 10:51:01.712 [main] INFO  r.s.l.u.ConfigurationUtil:39 - Configuration path: .\src\main\resources\enviroment.properties
25.11.2022 10:51:01.766 [main] ERROR r.s.l.a.DataProviderXML:58 - java.io.FileNotFoundException: src\main\resources\xml\User.xml (Не удается найти указанный файл)
25.11.2022 10:51:01.772 [main] DEBUG r.s.l.a.DataProviderXML:29 - [User{id=1, name='Ivan', age=18}]
25.11.2022 10:51:01.773 [main] INFO  r.s.l.a.DataProviderXML:30 - CREATE_USER
25.11.2022 11:06:06.793 [main] INFO  r.s.l.u.ConfigurationUtil:39 - Configuration path: .\src\main\resources\enviroment.properties
25.11.2022 11:06:06.835 [main] ERROR r.s.l.a.DataProviderXML:65 - java.io.FileNotFoundException: nullusernull (Не удается найти указанный файл)
25.11.2022 11:06:06.842 [main] DEBUG r.s.l.a.DataProviderXML:36 - [User{id=1, name='Ivan', age=18}]
25.11.2022 11:06:06.843 [main] INFO  r.s.l.a.DataProviderXML:37 - CREATE_USER
25.11.2022 11:08:37.052 [main] INFO  r.s.l.u.ConfigurationUtil:39 - Configuration path: .\src\main\resources\enviroment.properties
25.11.2022 11:08:37.263 [main] DEBUG r.s.l.a.DataProviderXML:29 - [User{id=1, name='Ivan', age=18}, User{id=1, name='Ivan', age=18}]
25.11.2022 11:08:37.264 [main] INFO  r.s.l.a.DataProviderXML:30 - CREATE_USER
25.11.2022 11:09:04.142 [main] INFO  r.s.l.u.ConfigurationUtil:39 - Configuration path: .\src\main\resources\enviroment.properties
25.11.2022 11:09:04.285 [main] DEBUG r.s.l.a.DataProviderXML:29 - [User{id=1, name='Ivan', age=18}, User{id=1, name='Ivan', age=18}, User{id=1, name='Ivan', age=18}]
25.11.2022 11:09:04.286 [main] INFO  r.s.l.a.DataProviderXML:30 - CREATE_USER
25.11.2022 11:11:51.429 [main] INFO  r.s.l.u.ConfigurationUtil:39 - Configuration path: .\src\main\resources\enviroment.properties
25.11.2022 11:11:51.628 [main] ERROR r.s.l.a.DataProviderXML:58 - org.simpleframework.xml.core.ElementException: Element 'object' does not have a match in class ru.study.library.api.WrapperXML at line 2
25.11.2022 11:11:51.635 [main] DEBUG r.s.l.a.DataProviderXML:29 - [User{id=1, name='Ivan', age=18}]
25.11.2022 11:11:51.635 [main] INFO  r.s.l.a.DataProviderXML:30 - CREATE_USER
25.11.2022 11:12:09.668 [main] INFO  r.s.l.u.ConfigurationUtil:39 - Configuration path: .\src\main\resources\enviroment.properties
25.11.2022 11:12:09.790 [main] DEBUG r.s.l.a.DataProviderXML:29 - [User{id=1, name='Ivan', age=18}, User{id=1, name='Ivan', age=18}]
25.11.2022 11:12:09.790 [main] INFO  r.s.l.a.DataProviderXML:30 - CREATE_USER
25.11.2022 11:12:31.139 [main] INFO  r.s.l.u.ConfigurationUtil:39 - Configuration path: .\src\main\resources\enviroment.properties
25.11.2022 11:12:31.316 [main] ERROR r.s.l.a.DataProviderXML:58 - org.simpleframework.xml.core.ElementException: Element 'acs' does not have a match in class ru.study.library.api.WrapperXML at line 2
25.11.2022 11:12:31.326 [main] DEBUG r.s.l.a.DataProviderXML:29 - [User{id=1, name='Ivan', age=18}]
25.11.2022 11:12:31.327 [main] INFO  r.s.l.a.DataProviderXML:30 - CREATE_USER
25.11.2022 11:12:50.272 [main] INFO  r.s.l.u.ConfigurationUtil:39 - Configuration path: .\src\main\resources\enviroment.properties
25.11.2022 11:12:50.412 [main] ERROR r.s.l.a.DataProviderXML:58 - javax.xml.stream.XMLStreamException: ParseError at [row,col]:[1,1]
Message: Premature end of file.
25.11.2022 11:12:50.420 [main] DEBUG r.s.l.a.DataProviderXML:29 - [User{id=1, name='Ivan', age=18}]
25.11.2022 11:12:50.423 [main] INFO  r.s.l.a.DataProviderXML:30 - CREATE_USER
25.11.2022 11:13:26.694 [main] INFO  r.s.l.u.ConfigurationUtil:39 - Configuration path: .\src\main\resources\enviroment.properties
25.11.2022 11:13:26.822 [main] ERROR r.s.l.a.DataProviderXML:58 - org.simpleframework.xml.core.ElementException: Element 'container' does not have a match in class ru.study.library.api.WrapperXML at line 2
25.11.2022 11:13:26.828 [main] DEBUG r.s.l.a.DataProviderXML:29 - [User{id=1, name='Ivan', age=18}]
25.11.2022 11:13:26.829 [main] INFO  r.s.l.a.DataProviderXML:30 - CREATE_USER
25.11.2022 11:17:21.106 [main] INFO  r.s.l.u.ConfigurationUtil:39 - Configuration path: .\src\main\resources\enviroment.properties
25.11.2022 11:17:21.312 [main] DEBUG r.s.l.a.DataProviderXML:29 - [User{id=1, name='Ivan', age=18}, User{id=1, name='Ivan', age=18}]
25.11.2022 11:17:21.313 [main] INFO  r.s.l.a.DataProviderXML:30 - CREATE_USER
25.11.2022 11:26:26.752 [main] INFO  r.s.l.u.ConfigurationUtil:39 - Configuration path: .\src\main\resources\enviroment.properties
25.11.2022 11:26:26.949 [main] DEBUG r.s.l.a.DataProviderXML:26 - [User{id=1, name='Ivan', age=18}]
25.11.2022 11:26:26.949 [main] INFO  r.s.l.a.DataProviderXML:27 - CREATE_USER
25.11.2022 11:26:36.330 [main] INFO  r.s.l.u.ConfigurationUtil:39 - Configuration path: .\src\main\resources\enviroment.properties
25.11.2022 11:26:36.478 [main] DEBUG r.s.l.a.DataProviderXML:26 - [User{id=1, name='Ivan', age=18}]
25.11.2022 11:26:36.479 [main] INFO  r.s.l.a.DataProviderXML:27 - CREATE_USER
25.11.2022 11:27:15.286 [main] INFO  r.s.l.u.ConfigurationUtil:39 - Configuration path: .\src\main\resources\enviroment.properties
25.11.2022 11:27:15.442 [main] DEBUG r.s.l.a.DataProviderXML:26 - [User{id=1, name='Ivan', age=18}]
25.11.2022 11:27:15.443 [main] INFO  r.s.l.a.DataProviderXML:27 - CREATE_USER
25.11.2022 11:27:23.724 [main] INFO  r.s.l.u.ConfigurationUtil:39 - Configuration path: .\src\main\resources\enviroment.properties
25.11.2022 11:27:23.890 [main] DEBUG r.s.l.a.DataProviderXML:26 - [User{id=1, name='Ivan', age=18}]
25.11.2022 11:27:23.891 [main] INFO  r.s.l.a.DataProviderXML:27 - CREATE_USER
25.11.2022 11:31:57.997 [main] INFO  r.s.l.u.ConfigurationUtil:39 - Configuration path: .\src\main\resources\enviroment.properties
25.11.2022 11:31:58.152 [main] DEBUG r.s.l.a.DataProviderXML:26 - [User{id=1, name='Ivan', age=18}, User{id=1, name='Ivan', age=18}]
25.11.2022 11:31:58.152 [main] INFO  r.s.l.a.DataProviderXML:27 - CREATE_USER
25.11.2022 11:32:03.248 [main] INFO  r.s.l.u.ConfigurationUtil:39 - Configuration path: .\src\main\resources\enviroment.properties
25.11.2022 11:32:03.407 [main] DEBUG r.s.l.a.DataProviderXML:26 - [User{id=1, name='Ivan', age=18}, User{id=1, name='Ivan', age=18}, User{id=1, name='Ivan', age=18}]
25.11.2022 11:32:03.408 [main] INFO  r.s.l.a.DataProviderXML:27 - CREATE_USER
25.11.2022 12:35:01.969 [main] INFO  r.s.l.u.ConfigurationUtil:39 - Configuration path: .\src\main\resources\enviroment.properties
25.11.2022 12:35:02.322 [main] DEBUG r.s.l.a.DataProviderXML:26 - [User{id=1, name='Ivan', age=18}, User{id=1, name='Ivan', age=18}, User{id=1, name='Ivan', age=18}, User{id=1, name='Ivan', age=18}]
25.11.2022 12:35:02.322 [main] INFO  r.s.l.a.DataProviderXML:27 - CREATE_USER
25.11.2022 12:39:19.653 [main] INFO  r.s.l.u.ConfigurationUtil:39 - Configuration path: .\src\main\resources\enviroment.properties
25.11.2022 12:39:19.870 [main] DEBUG r.s.l.a.DataProviderXML:26 - [User{id=1, name='Ivan', age=18}, User{id=1, name='Ivan', age=18}, User{id=1, name='Ivan', age=18}, User{id=1, name='Ivan', age=18}, User{id=1, name='Ivan', age=18}]
25.11.2022 12:39:19.871 [main] INFO  r.s.l.a.DataProviderXML:27 - CREATE_USER
25.11.2022 13:31:16.697 [main] INFO  r.s.l.u.ConfigurationUtil:39 - Configuration path: .\src\main\resources\enviroment.properties
25.11.2022 13:31:51.158 [main] INFO  r.s.l.u.ConfigurationUtil:39 - Configuration path: .\src\main\resources\enviroment.properties
25.11.2022 13:33:47.029 [main] INFO  r.s.l.u.ConfigurationUtil:39 - Configuration path: .\src\main\resources\enviroment.properties
25.11.2022 13:34:00.975 [main] INFO  r.s.l.u.ConfigurationUtil:39 - Configuration path: .\src\main\resources\enviroment.properties
25.11.2022 13:35:12.563 [main] INFO  r.s.l.u.ConfigurationUtil:39 - Configuration path: .\src\main\resources\enviroment.properties
25.11.2022 13:35:36.660 [main] INFO  r.s.l.u.ConfigurationUtil:39 - Configuration path: .\src\main\resources\enviroment.properties
25.11.2022 13:42:42.671 [main] INFO  r.s.l.u.ConfigurationUtil:39 - Configuration path: .\src\main\resources\enviroment.properties
25.11.2022 13:42:42.827 [main] ERROR r.s.l.a.DataProviderXML:40 - ERROR_ID_NOT_EXIST
25.11.2022 13:42:54.674 [main] INFO  r.s.l.u.ConfigurationUtil:39 - Configuration path: .\src\main\resources\enviroment.properties
25.11.2022 13:42:54.825 [main] ERROR r.s.l.a.DataProviderXML:40 - ERROR_ID_NOT_EXIST
25.11.2022 13:44:12.558 [main] INFO  r.s.l.u.ConfigurationUtil:39 - Configuration path: .\src\main\resources\enviroment.properties
25.11.2022 13:44:12.695 [main] ERROR r.s.l.a.DataProviderXML:41 - ERROR_ID_NOT_EXIST
25.11.2022 13:44:28.536 [main] INFO  r.s.l.u.ConfigurationUtil:39 - Configuration path: .\src\main\resources\enviroment.properties
25.11.2022 13:44:28.689 [main] ERROR r.s.l.a.DataProviderXML:40 - ERROR_ID_NOT_EXIST
25.11.2022 13:44:44.088 [main] INFO  r.s.l.u.ConfigurationUtil:39 - Configuration path: .\src\main\resources\enviroment.properties
25.11.2022 13:44:44.230 [main] ERROR r.s.l.a.DataProviderXML:40 - ERROR_ID_NOT_EXIST
25.11.2022 13:46:47.727 [main] INFO  r.s.l.u.ConfigurationUtil:39 - Configuration path: .\src\main\resources\enviroment.properties
25.11.2022 13:46:47.880 [main] ERROR r.s.l.a.DataProviderXML:40 - ERROR_ID_NOT_EXIST
25.11.2022 13:46:58.214 [main] INFO  r.s.l.u.ConfigurationUtil:39 - Configuration path: .\src\main\resources\enviroment.properties
25.11.2022 13:46:58.349 [main] ERROR r.s.l.a.DataProviderXML:40 - ERROR_ID_NOT_EXIST
25.11.2022 13:57:01.537 [main] INFO  r.s.l.u.ConfigurationUtil:39 - Configuration path: .\src\main\resources\enviroment.properties
25.11.2022 13:57:01.717 [main] ERROR r.s.l.a.DataProviderXML:40 - ERROR_ID_NOT_EXIST
25.11.2022 13:57:12.430 [main] INFO  r.s.l.u.ConfigurationUtil:39 - Configuration path: .\src\main\resources\enviroment.properties
25.11.2022 13:57:12.579 [main] ERROR r.s.l.a.DataProviderXML:40 - ERROR_ID_NOT_EXIST
25.11.2022 14:00:17.759 [main] INFO  r.s.l.u.ConfigurationUtil:39 - Configuration path: .\src\main\resources\enviroment.properties
25.11.2022 14:00:17.910 [main] INFO  r.s.l.a.DataProviderXML:36 - GET_USER
25.11.2022 14:16:07.491 [main] INFO  r.s.l.u.ConfigurationUtil:39 - Configuration path: .\src\main\resources\enviroment.properties
25.11.2022 14:16:07.688 [main] DEBUG r.s.l.a.DataProviderXML:28 - [User{id=1, name='Ivan', age=18}, User{id=1, name='Ivan', age=18}, User{id=1, name='Ivan', age=18}, User{id=1, name='Ivan', age=18}, User{id=1, name='Ivan', age=18}, User{id=1, name='Ivan', age=18}]
25.11.2022 14:16:07.688 [main] INFO  r.s.l.a.DataProviderXML:29 - CREATE_USER
25.11.2022 14:17:38.148 [main] INFO  r.s.l.u.ConfigurationUtil:39 - Configuration path: .\src\main\resources\enviroment.properties
25.11.2022 14:17:38.318 [main] ERROR r.s.l.a.DataProviderXML:40 - ERROR_ID_NOT_EXIST
25.11.2022 14:19:04.934 [main] INFO  r.s.l.u.ConfigurationUtil:39 - Configuration path: .\src\main\resources\enviroment.properties
25.11.2022 14:19:04.939 [main] ERROR r.s.l.a.DataProviderXML:72 - java.io.FileNotFoundException: src\main\resources\xml\User.xml (Не удается найти указанный файл)
25.11.2022 14:19:04.940 [main] ERROR r.s.l.a.DataProviderXML:72 - java.io.FileNotFoundException: src\main\resources\xml\User.xml (Не удается найти указанный файл)
25.11.2022 14:19:04.942 [main] ERROR r.s.l.a.DataProviderXML:44 - ERROR_ID_NOT_EXIST
25.11.2022 14:19:04.949 [main] DEBUG r.s.l.a.DataProviderXML:32 - [User{id=1, name='Ivan', age=58}]
25.11.2022 14:19:04.949 [main] INFO  r.s.l.a.DataProviderXML:33 - CREATE_USER
25.11.2022 14:19:05.124 [main] INFO  r.s.l.a.DataProviderXML:40 - GET_USER
25.11.2022 14:19:23.675 [main] INFO  r.s.l.u.ConfigurationUtil:39 - Configuration path: .\src\main\resources\enviroment.properties
25.11.2022 14:19:23.825 [main] INFO  r.s.l.a.DataProviderXML:40 - GET_USER
25.11.2022 14:19:23.829 [main] ERROR r.s.l.a.DataProviderXML:28 - ERROR_ID_EXIST
25.11.2022 14:25:47.946 [main] INFO  r.s.l.u.ConfigurationUtil:39 - Configuration path: .\src\main\resources\enviroment.properties
25.11.2022 14:25:48.103 [main] DEBUG r.s.l.a.DataProviderXML:57 - [User{id=1, name='Ivan', age=48}]
25.11.2022 14:25:48.104 [main] INFO  r.s.l.a.DataProviderXML:58 - UPDATE_USER
25.11.2022 14:26:32.985 [main] INFO  r.s.l.u.ConfigurationUtil:39 - Configuration path: .\src\main\resources\enviroment.properties
25.11.2022 14:26:33.144 [main] INFO  r.s.l.a.DataProviderXML:57 - UPDATE_USER
25.11.2022 14:26:33.151 [main] DEBUG r.s.l.a.DataProviderXML:58 - [User{id=1, name='Ivan', age=48}]
25.11.2022 14:26:54.708 [main] INFO  r.s.l.u.ConfigurationUtil:39 - Configuration path: .\src\main\resources\enviroment.properties
25.11.2022 14:26:54.854 [main] ERROR r.s.l.a.DataProviderXML:52 - ERROR_ID_NOT_EXIST
25.11.2022 14:29:11.132 [main] INFO  r.s.l.u.ConfigurationUtil:39 - Configuration path: .\src\main\resources\enviroment.properties
25.11.2022 14:29:11.278 [main] INFO  r.s.l.a.DataProviderXML:40 - GET_USER
25.11.2022 14:30:14.555 [main] INFO  r.s.l.u.ConfigurationUtil:39 - Configuration path: .\src\main\resources\enviroment.properties
25.11.2022 14:30:14.559 [main] ERROR r.s.l.a.DataProviderXML:86 - java.io.FileNotFoundException: src\main\resources\xml\User.xml (Не удается найти указанный файл)
25.11.2022 14:30:14.561 [main] ERROR r.s.l.a.DataProviderXML:52 - ERROR_ID_NOT_EXIST
25.11.2022 14:30:14.572 [main] ERROR r.s.l.a.DataProviderXML:86 - java.io.FileNotFoundException: src\main\resources\xml\User.xml (Не удается найти указанный файл)
25.11.2022 14:30:14.573 [main] ERROR r.s.l.a.DataProviderXML:86 - java.io.FileNotFoundException: src\main\resources\xml\User.xml (Не удается найти указанный файл)
25.11.2022 14:30:14.574 [main] ERROR r.s.l.a.DataProviderXML:44 - ERROR_ID_NOT_EXIST
25.11.2022 14:30:14.581 [main] DEBUG r.s.l.a.DataProviderXML:32 - [User{id=1, name='Ivan', age=58}]
25.11.2022 14:30:14.582 [main] INFO  r.s.l.a.DataProviderXML:33 - CREATE_USER
25.11.2022 14:30:14.752 [main] INFO  r.s.l.a.DataProviderXML:40 - GET_USER
25.11.2022 14:30:14.756 [main] ERROR r.s.l.a.DataProviderXML:28 - ERROR_ID_EXIST
25.11.2022 14:30:14.760 [main] INFO  r.s.l.a.DataProviderXML:40 - GET_USER
25.11.2022 14:30:59.837 [main] INFO  r.s.l.u.ConfigurationUtil:39 - Configuration path: .\src\main\resources\enviroment.properties
25.11.2022 14:31:00.023 [main] INFO  r.s.l.a.DataProviderXML:57 - UPDATE_USER
25.11.2022 14:31:00.034 [main] DEBUG r.s.l.a.DataProviderXML:58 - [User{id=1, name='Ivan', age=48}]
25.11.2022 14:31:00.060 [main] ERROR r.s.l.a.DataProviderXML:52 - ERROR_ID_NOT_EXIST
25.11.2022 14:35:05.177 [main] INFO  r.s.l.u.ConfigurationUtil:39 - Configuration path: .\src\main\resources\enviroment.properties
25.11.2022 14:35:05.325 [main] INFO  r.s.l.a.DataProviderXML:40 - GET_USER
25.11.2022 14:35:05.329 [main] INFO  r.s.l.a.DataProviderXML:67 - DELETE_USER
25.11.2022 14:35:45.770 [main] INFO  r.s.l.u.ConfigurationUtil:39 - Configuration path: .\src\main\resources\enviroment.properties
25.11.2022 14:35:45.906 [main] ERROR r.s.l.a.DataProviderXML:44 - ERROR_ID_NOT_EXIST
25.11.2022 14:36:35.990 [main] INFO  r.s.l.u.ConfigurationUtil:39 - Configuration path: .\src\main\resources\enviroment.properties
25.11.2022 14:36:36.120 [main] ERROR r.s.l.a.DataProviderXML:44 - ERROR_ID_NOT_EXIST
25.11.2022 14:36:36.127 [main] DEBUG r.s.l.a.DataProviderXML:32 - [User{id=1, name='Ivan', age=58}]
25.11.2022 14:36:36.127 [main] INFO  r.s.l.a.DataProviderXML:33 - CREATE_USER
25.11.2022 14:36:36.169 [main] INFO  r.s.l.a.DataProviderXML:40 - GET_USER
25.11.2022 14:36:36.172 [main] ERROR r.s.l.a.DataProviderXML:28 - ERROR_ID_EXIST
25.11.2022 14:36:43.933 [main] INFO  r.s.l.u.ConfigurationUtil:39 - Configuration path: .\src\main\resources\enviroment.properties
25.11.2022 14:36:44.106 [main] INFO  r.s.l.a.DataProviderXML:40 - GET_USER
25.11.2022 14:36:44.110 [main] INFO  r.s.l.a.DataProviderXML:67 - DELETE_USER
25.11.2022 14:36:44.131 [main] ERROR r.s.l.a.DataProviderXML:44 - ERROR_ID_NOT_EXIST
25.11.2022 14:37:15.248 [main] INFO  r.s.l.u.ConfigurationUtil:39 - Configuration path: .\src\main\resources\enviroment.properties
25.11.2022 14:37:15.376 [main] ERROR r.s.l.a.DataProviderXML:44 - ERROR_ID_NOT_EXIST
25.11.2022 14:37:15.383 [main] DEBUG r.s.l.a.DataProviderXML:32 - [User{id=1, name='Ivan', age=58}]
25.11.2022 14:37:15.384 [main] INFO  r.s.l.a.DataProviderXML:33 - CREATE_USER
25.11.2022 14:37:15.425 [main] INFO  r.s.l.a.DataProviderXML:40 - GET_USER
25.11.2022 14:37:15.429 [main] ERROR r.s.l.a.DataProviderXML:28 - ERROR_ID_EXIST
25.11.2022 14:37:41.199 [main] INFO  r.s.l.u.ConfigurationUtil:39 - Configuration path: .\src\main\resources\enviroment.properties
25.11.2022 14:37:41.354 [main] INFO  r.s.l.a.DataProviderXML:40 - GET_USER
25.11.2022 14:37:41.359 [main] INFO  r.s.l.a.DataProviderXML:67 - DELETE_USER
25.11.2022 14:38:36.705 [main] INFO  r.s.l.u.ConfigurationUtil:39 - Configuration path: .\src\main\resources\enviroment.properties
25.11.2022 14:38:36.970 [main] INFO  r.s.l.a.DataProviderXML:40 - GET_USER
25.11.2022 14:38:36.975 [main] INFO  r.s.l.a.DataProviderXML:67 - DELETE_USER
